<?xml version="1.0" encoding="UTF-8"?>
<!-- Generated by org.testng.reporters.JUnitReportReporter -->
<testsuite hostname="DESKTOP-O0R4C7N" name="com.crm.qa.tests.ContactsPageTest" tests="2" failures="0" timestamp="11 Sep 2020 21:10:56 GMT" time="42.980" errors="0">
  <testcase name="verifyContactName" time="30.007" classname="com.crm.qa.tests.ContactsPageTest"/>
  <testcase name="verifyPageName" time="12.973" classname="com.crm.qa.tests.ContactsPageTest"/>
</testsuite> <!-- com.crm.qa.tests.ContactsPageTest -->
