<?xml version="1.0" encoding="UTF-8"?>
<!-- Generated by org.testng.reporters.JUnitReportReporter -->
<testsuite hostname="DESKTOP-O0R4C7N" name="com.crm.qa.tests.LoginPageTest" tests="1" failures="0" timestamp="22 Jul 2020 09:24:34 GMT" time="8.067" errors="0">
  <testcase name="loginTest" time="8.067" classname="com.crm.qa.tests.LoginPageTest"/>
</testsuite> <!-- com.crm.qa.tests.LoginPageTest -->
